<?xml version="1.0" encoding="UTF-8"?>
<!-- Generated by org.testng.reporters.JUnitReportReporter -->
<testsuite skipped="0" hostname="LAPTOP-00LJ2F6F" name="testcases.SampleTest" tests="1" failures="0" timestamp="06 Apr 2022 02:18:00 GMT" time="0.012" errors="0">
  <testcase name="test1" time="0.012" classname="testcases.SampleTest"/>
</testsuite> <!-- testcases.SampleTest -->
