<?xml version="1.0" encoding="UTF-8"?>
<!-- Generated by org.testng.reporters.JUnitReportReporter -->
<testsuite hostname="LAPTOP-00LJ2F6F" failures="0" tests="1" name="testcases.SampleTest" time="0.011" errors="0" timestamp="2022-04-05T15:58:33 GMT-06:00" skipped="0">
  <testcase classname="testcases.SampleTest" name="test1" time="0.011"/>
  <system-out/>
</testsuite> <!-- testcases.SampleTest -->
